<?xml version='1.0' encoding='UTF-8'?>
<testsuite hostname="pop-os" name="vexriscv.TCC_pipeline" tests="25" errors="0" failures="0" skipped="0" time="93.274" timestamp="2024-12-05T10:17:14">
          <properties>
[...]
</properties>
          <testcase classname="vexriscv.TCC_pipeline" name="GenTwoStage (RISC-V I) - Bypass: False - BarrielShifter: False_gen" time="1.508">
                      
                    </testcase><testcase classname="vexriscv.TCC_pipeline" name="GenTwoStage (RISC-V I) - Bypass: False - BarrielShifter: False_test" time="7.268">
                      
                    </testcase><testcase classname="vexriscv.TCC_pipeline" name="GenTwoStage (RISC-V I) - Bypass: True - BarrielShifter: False_gen" time="0.311">
                      
                    </testcase><testcase classname="vexriscv.TCC_pipeline" name="GenTwoStage (RISC-V I) - Bypass: True - BarrielShifter: False_test" time="6.835">
                      
                    </testcase><testcase classname="vexriscv.TCC_pipeline" name="GenTwoStage (RISC-V I) - Bypass: True - BarrielShifter: True_gen" time="0.247">
                      
                    </testcase><testcase classname="vexriscv.TCC_pipeline" name="GenTwoStage (RISC-V I) - Bypass: True - BarrielShifter: True_test" time="6.6">
                      
                    </testcase><testcase classname="vexriscv.TCC_pipeline" name="GenTwoStage (RISC-V I) - Bypass: False - BarrielShifter: True_gen" time="0.199">
                      
                    </testcase><testcase classname="vexriscv.TCC_pipeline" name="GenTwoStage (RISC-V I) - Bypass: False - BarrielShifter: True_test" time="6.856">
                      
                    </testcase><testcase classname="vexriscv.TCC_pipeline" name="GenThreeStage (RISC-V I) - Bypass: False - BarrielShifter: False_gen" time="0.206">
                      
                    </testcase><testcase classname="vexriscv.TCC_pipeline" name="GenThreeStage (RISC-V I) - Bypass: False - BarrielShifter: False_test" time="8.062">
                      
                    </testcase><testcase classname="vexriscv.TCC_pipeline" name="GenThreeStage (RISC-V I) - Bypass: True - BarrielShifter: False_gen" time="0.184">
                      
                    </testcase><testcase classname="vexriscv.TCC_pipeline" name="GenThreeStage (RISC-V I) - Bypass: True - BarrielShifter: False_test" time="7.742">
                      
                    </testcase><testcase classname="vexriscv.TCC_pipeline" name="GenThreeStage (RISC-V I) - Bypass: True - BarrielShifter: True_gen" time="0.151">
                      
                    </testcase><testcase classname="vexriscv.TCC_pipeline" name="GenThreeStage (RISC-V I) - Bypass: True - BarrielShifter: True_test" time="7.877">
                      
                    </testcase><testcase classname="vexriscv.TCC_pipeline" name="GenThreeStage (RISC-V I) - Bypass: False - BarrielShifter: True_gen" time="0.155">
                      
                    </testcase><testcase classname="vexriscv.TCC_pipeline" name="GenThreeStage (RISC-V I) - Bypass: False - BarrielShifter: True_test" time="7.709">
                      
                    </testcase><testcase classname="vexriscv.TCC_pipeline" name="GenFourStage (RISC-V I) - Bypass: False - BarrielShifter: False_gen" time="0.528">
                      
                    </testcase><testcase classname="vexriscv.TCC_pipeline" name="GenFourStage (RISC-V I) - Bypass: False - BarrielShifter: False_test" time="7.672">
                      
                    </testcase><testcase classname="vexriscv.TCC_pipeline" name="GenFourStage (RISC-V I) - Bypass: True - BarrielShifter: False_gen" time="0.146">
                      
                    </testcase><testcase classname="vexriscv.TCC_pipeline" name="GenFourStage (RISC-V I) - Bypass: True - BarrielShifter: False_test" time="7.443">
                      
                    </testcase><testcase classname="vexriscv.TCC_pipeline" name="GenFourStage (RISC-V I) - Bypass: True - BarrielShifter: True_gen" time="0.126">
                      
                    </testcase><testcase classname="vexriscv.TCC_pipeline" name="GenFourStage (RISC-V I) - Bypass: True - BarrielShifter: True_test" time="7.024">
                      
                    </testcase><testcase classname="vexriscv.TCC_pipeline" name="GenFourStage (RISC-V I) - Bypass: False - BarrielShifter: True_gen" time="0.149">
                      
                    </testcase><testcase classname="vexriscv.TCC_pipeline" name="GenFourStage (RISC-V I) - Bypass: False - BarrielShifter: True_test" time="8.276">
                      
                    </testcase><testcase classname="vexriscv.TCC_pipeline" name="final_report" time="0.0">
                      
                    </testcase>
          <system-out><![CDATA[]]></system-out>
          <system-err><![CDATA[]]></system-err>
        </testsuite>